<?xml version="1.0" encoding="UTF-8"?>
<!-- Generated by org.testng.reporters.JUnitReportReporter -->
<testsuite hostname="nedim-LPL" name="TestNG.TestGroupDepends" tests="8" failures="0" timestamp="7 Feb 2015 17:44:18 GMT" time="0.003" errors="0">
  <testcase name="testTest5" time="0.001" classname="TestNG.TestGroupDepends"/>
  <testcase name="testTest7" time="0.000" classname="TestNG.TestGroupDepends"/>
  <testcase name="testTest4" time="0.001" classname="TestNG.TestGroupDepends"/>
  <testcase name="testTest6" time="0.001" classname="TestNG.TestGroupDepends"/>
  <testcase name="testTest1" time="0.000" classname="TestNG.TestGroupDepends"/>
  <testcase name="testTest8" time="0.000" classname="TestNG.TestGroupDepends"/>
  <testcase name="testTest3" time="0.000" classname="TestNG.TestGroupDepends"/>
  <testcase name="testTest2" time="0.000" classname="TestNG.TestGroupDepends"/>
</testsuite> <!-- TestNG.TestGroupDepends -->
