<?xml version="1.0" encoding="UTF-8"?>
<!-- Generated by org.testng.reporters.JUnitReportReporter -->
<testsuite hostname="nedim-LPL" name="webdriver.NewPageFExplicitloginTest" tests="3" failures="0" timestamp="14 Feb 2015 18:11:24 GMT" time="73.207" errors="0">
  <testcase name="testGoogleSearchOnFF" time="25.415" classname="webdriver.NewPageFExplicitloginTest"/>
  <testcase name="testGoogleSearchOnFF" time="23.806" classname="webdriver.NewPageFExplicitloginTest"/>
  <testcase name="testGoogleSearchOnFF" time="23.986" classname="webdriver.NewPageFExplicitloginTest"/>
</testsuite> <!-- webdriver.NewPageFExplicitloginTest -->
