<?xml version="1.0" encoding="UTF-8"?>
<!-- Generated by org.testng.reporters.JUnitReportReporter -->
<testsuite hostname="nedim-LPL" name="TestNG.TestClassAnnotations" tests="3" failures="0" timestamp="6 Feb 2015 04:26:07 GMT" time="0.015" errors="0">
  <testcase name="testTest2" time="0.003" classname="TestNG.TestClassAnnotations"/>
  <testcase name="testTest3" time="0.001" classname="TestNG.TestClassAnnotations"/>
  <testcase name="testTest1" time="0.011" classname="TestNG.TestClassAnnotations"/>
</testsuite> <!-- TestNG.TestClassAnnotations -->
