<?xml version="1.0" encoding="UTF-8"?>
<!-- Generated by org.testng.reporters.JUnitReportReporter -->
<testsuite hostname="nedim-LPL" name="webdriver.ActionSortableTest" tests="1" failures="0" timestamp="17 Feb 2015 01:46:17 GMT" time="32.476" errors="0">
  <testcase name="testSliding" time="32.476" classname="webdriver.ActionSortableTest"/>
</testsuite> <!-- webdriver.ActionSortableTest -->
