<?xml version="1.0" encoding="UTF-8"?>
<!-- Generated by org.testng.reporters.JUnitReportReporter -->
<testsuite hostname="nedim-LPL" name="TestNG.TestGroups" tests="3" failures="0" timestamp="7 Feb 2015 18:07:54 GMT" time="0.002" errors="0">
  <testcase name="testTest4" time="0.000" classname="TestNG.TestGroups"/>
  <testcase name="testTest6" time="0.001" classname="TestNG.TestGroups"/>
  <testcase name="testTest5" time="0.001" classname="TestNG.TestGroups"/>
</testsuite> <!-- TestNG.TestGroups -->
