<?xml version="1.0" encoding="UTF-8"?>
<!-- Generated by org.testng.reporters.JUnitReportReporter -->
<testsuite hostname="nedim-LPL" name="webdriver.RestPasswordDataProviderTest" tests="4" failures="0" timestamp="15 Feb 2015 00:17:46 GMT" time="62.426" errors="0">
  <testcase name="testGoogleSearchOnFF" time="16.905" classname="webdriver.RestPasswordDataProviderTest"/>
  <testcase name="testGoogleSearchOnFF" time="14.219" classname="webdriver.RestPasswordDataProviderTest"/>
  <testcase name="testGoogleSearchOnFF" time="14.429" classname="webdriver.RestPasswordDataProviderTest"/>
  <testcase name="testGoogleSearchOnFF" time="16.873" classname="webdriver.RestPasswordDataProviderTest"/>
</testsuite> <!-- webdriver.RestPasswordDataProviderTest -->
