<?xml version="1.0" encoding="UTF-8"?>
<!-- Generated by org.testng.reporters.JUnitReportReporter -->
<testsuite hostname="nedim-LPL" name="webdriver.RyppleRstPassWTest" tests="1" failures="0" timestamp="19 Feb 2015 23:21:17 GMT" time="23.340" errors="0">
  <testcase name="testLogin_NegativeTC" time="23.340" classname="webdriver.RyppleRstPassWTest"/>
</testsuite> <!-- webdriver.RyppleRstPassWTest -->
