<?xml version="1.0" encoding="UTF-8"?>
<!-- Generated by org.testng.reporters.JUnitReportReporter -->
<testsuite hostname="nedim-LPL" name="webdriver.SearchOnFFExplicitTest" tests="1" failures="0" timestamp="12 Feb 2015 05:08:27 GMT" time="113.135" errors="0">
  <testcase name="testGoogleSearchOnFF" time="113.135" classname="webdriver.SearchOnFFExplicitTest"/>
</testsuite> <!-- webdriver.SearchOnFFExplicitTest -->
