<?xml version="1.0" encoding="UTF-8"?>
<!-- Generated by org.testng.reporters.JUnitReportReporter -->
<testsuite hostname="nedim-LPL" name="TestNG.TwotoPowerDProvider" tests="3" failures="0" timestamp="7 Feb 2015 17:44:18 GMT" time="0.004" errors="0">
  <testcase name="testUserMapping" time="0.003" classname="TestNG.TwotoPowerDProvider"/>
  <testcase name="testUserMapping" time="0.001" classname="TestNG.TwotoPowerDProvider"/>
  <testcase name="testUserMapping" time="0.000" classname="TestNG.TwotoPowerDProvider"/>
</testsuite> <!-- TestNG.TwotoPowerDProvider -->
