<?xml version="1.0" encoding="UTF-8"?>
<!-- Generated by org.testng.reporters.JUnitReportReporter -->
<testsuite hostname="nedim-LPL" name="JunitTest.TestParameterizedClassTest" tests="5" failures="0" timestamp="5 Feb 2015 05:15:35 GMT" time="0.021" errors="0">
  <testcase name="testUserMapping" time="0.000" classname="JunitTest.TestParameterizedClassTest"/>
  <testcase name="testUserMapping" time="0.018" classname="JunitTest.TestParameterizedClassTest"/>
  <testcase name="testUserMapping" time="0.001" classname="JunitTest.TestParameterizedClassTest"/>
  <testcase name="testUserMapping" time="0.001" classname="JunitTest.TestParameterizedClassTest"/>
  <testcase name="testUserMapping" time="0.001" classname="JunitTest.TestParameterizedClassTest"/>
</testsuite> <!-- JunitTest.TestParameterizedClassTest -->
