<?xml version="1.0" encoding="UTF-8"?>
<!-- Generated by org.testng.reporters.JUnitReportReporter -->
<testsuite hostname="nedim-LPL" name="webdriver.SearchOnFFTest" tests="1" failures="0" timestamp="12 Feb 2015 03:17:49 GMT" time="34.471" errors="0">
  <testcase name="testGoogleSearchOnFF" time="34.471" classname="webdriver.SearchOnFFTest"/>
</testsuite> <!-- webdriver.SearchOnFFTest -->
