<?xml version="1.0" encoding="UTF-8"?>
<!-- Generated by org.testng.reporters.JUnitReportReporter -->
<testsuite hostname="nedim-LPL" name="webdriver.PageLoadTimeTest" tests="1" failures="0" timestamp="13 Feb 2015 05:41:34 GMT" time="15.769" errors="0">
  <testcase name="testGoogleSearchOnFF" time="15.769" classname="webdriver.PageLoadTimeTest"/>
</testsuite> <!-- webdriver.PageLoadTimeTest -->
