<?xml version="1.0" encoding="UTF-8"?>
<!-- Generated by org.testng.reporters.JUnitReportReporter -->
<testsuite hostname="nedim-LPL" name="webdriver.ActionDroppableTest" tests="1" failures="0" timestamp="16 Feb 2015 23:53:53 GMT" time="58.573" errors="0">
  <testcase name="testSliding" time="58.573" classname="webdriver.ActionDroppableTest"/>
</testsuite> <!-- webdriver.ActionDroppableTest -->
