<?xml version="1.0" encoding="UTF-8"?>
<!-- Generated by org.testng.reporters.JUnitReportReporter -->
<testsuite hostname="nedim-LPL" name="webdriver.NewPageFExplicitPassRstScrShotTest" tests="1" failures="0" timestamp="13 Feb 2015 05:11:37 GMT" time="26.342" errors="0">
  <testcase name="testGoogleSearchOnFF" time="26.342" classname="webdriver.NewPageFExplicitPassRstScrShotTest"/>
</testsuite> <!-- webdriver.NewPageFExplicitPassRstScrShotTest -->
