<?xml version="1.0" encoding="UTF-8"?>
<!-- Generated by org.testng.reporters.JUnitReportReporter -->
<testsuite hostname="nedim-LPL" name="webdriver.ActionsTest" tests="1" failures="0" timestamp="16 Feb 2015 23:41:41 GMT" time="29.004" errors="0">
  <testcase name="testSliding" time="29.004" classname="webdriver.ActionsTest"/>
</testsuite> <!-- webdriver.ActionsTest -->
