<?xml version="1.0" encoding="UTF-8"?>
<!-- Generated by org.testng.reporters.JUnitReportReporter -->
<testsuite hostname="nedim-LPL" name="webdriver.NewePageFExplicitTest" tests="1" failures="0" timestamp="12 Feb 2015 05:50:20 GMT" time="21.691" errors="0">
  <testcase name="testGoogleSearchOnFF" time="21.691" classname="webdriver.NewePageFExplicitTest"/>
</testsuite> <!-- webdriver.NewePageFExplicitTest -->
