<?xml version="1.0" encoding="UTF-8"?>
<!-- Generated by org.testng.reporters.JUnitReportReporter -->
<testsuite hostname="nedim-LPL" name="TestNG.TestSimClassObjAnnotations" tests="7" failures="0" timestamp="7 Feb 2015 17:44:18 GMT" time="0.004" errors="0">
  <testcase name="testAssertSame" time="0.000" classname="TestNG.TestSimClassObjAnnotations"/>
  <testcase name="testAssertNotSame" time="0.000" classname="TestNG.TestSimClassObjAnnotations"/>
  <testcase name="testAssertEquals" time="0.000" classname="TestNG.TestSimClassObjAnnotations"/>
  <testcase name="testAssertFalse" time="0.000" classname="TestNG.TestSimClassObjAnnotations"/>
  <testcase name="testAssertNotNull" time="0.000" classname="TestNG.TestSimClassObjAnnotations"/>
  <testcase name="testAssertTrue" time="0.004" classname="TestNG.TestSimClassObjAnnotations"/>
  <testcase name="testAssertNull" time="0.000" classname="TestNG.TestSimClassObjAnnotations"/>
</testsuite> <!-- TestNG.TestSimClassObjAnnotations -->
