<?xml version="1.0" encoding="UTF-8"?>
<!-- Generated by org.testng.reporters.JUnitReportReporter -->
<testsuite hostname="nedim-LPL" name="webdriver.SearchOnChromeTest" tests="1" failures="0" timestamp="12 Feb 2015 04:49:54 GMT" time="10.752" errors="0">
  <testcase name="testGoogleSearchOnFF" time="10.752" classname="webdriver.SearchOnChromeTest"/>
</testsuite> <!-- webdriver.SearchOnChromeTest -->
