<?xml version="1.0" encoding="UTF-8"?>
<!-- Generated by org.testng.reporters.JUnitReportReporter -->
<testsuite hostname="nedim-LPL" name="webdriver.RyppleLoginTest" tests="1" failures="0" timestamp="19 Feb 2015 04:39:38 GMT" time="25.332" errors="0">
  <testcase name="testLogin_NegativeTC" time="25.332" classname="webdriver.RyppleLoginTest"/>
</testsuite> <!-- webdriver.RyppleLoginTest -->
