<?xml version="1.0" encoding="UTF-8"?>
<!-- Generated by org.testng.reporters.JUnitReportReporter -->
<testsuite hostname="nedim-LPL" name="TestNG.TestNG_2" tests="1" failures="0" timestamp="7 Feb 2015 18:07:55 GMT" time="0.507" errors="0">
  <testcase name="runTestNGTest" time="0.507" classname="TestNG.TestNG_2"/>
</testsuite> <!-- TestNG.TestNG_2 -->
