<?xml version="1.0" encoding="UTF-8"?>
<!-- Generated by org.testng.reporters.JUnitReportReporter -->
<testsuite hostname="nedim-LPL" name="TestNG.TestNGSuite" tests="1" failures="0" timestamp="7 Feb 2015 17:44:19 GMT" time="0.566" errors="0">
  <testcase name="testTestNGProgramatically" time="0.566" classname="TestNG.TestNGSuite"/>
</testsuite> <!-- TestNG.TestNGSuite -->
